<?xml version="1.0" encoding="UTF-8"?>
<!-- Generated by org.testng.reporters.JUnitReportReporter -->
<testsuite skipped="0" hostname="DESKTOP-L3SKI6V" name="org.bb.testPom.TestAceInvoice" tests="1" failures="0" timestamp="04 Mar 2020 09:27:11 GMT" time="61.572" errors="0">
  <testcase name="run" time="61.572" classname="org.bb.testPom.TestAceInvoice"/>
</testsuite> <!-- org.bb.testPom.TestAceInvoice -->
